2017-11-28 10:20:59  [ localhost-startStop-1:0 ] - [ INFO ]  Root WebApplicationContext: initialization started
2017-11-28 10:20:59  [ localhost-startStop-1:80 ] - [ INFO ]  Refreshing Root WebApplicationContext: startup date [Tue Nov 28 10:20:59 CST 2017]; root of context hierarchy
2017-11-28 10:20:59  [ localhost-startStop-1:131 ] - [ INFO ]  Loading XML bean definitions from file [D:\shixun\abc\redis\target\classes\spring\applicationContext-dao.xml]
2017-11-28 10:20:59  [ localhost-startStop-1:453 ] - [ INFO ]  Loading XML bean definitions from file [D:\shixun\abc\redis\target\classes\spring\applicationContext-jedis.xml]
2017-11-28 10:20:59  [ localhost-startStop-1:481 ] - [ INFO ]  Loading XML bean definitions from file [D:\shixun\abc\redis\target\classes\spring\applicationContext-service.xml]
2017-11-28 10:21:00  [ localhost-startStop-1:795 ] - [ INFO ]  JSR-330 'javax.inject.Inject' annotation found and supported for autowiring
2017-11-28 10:21:00  [ localhost-startStop-1:1396 ] - [ INFO ]  Root WebApplicationContext: initialization completed in 1393 ms
2017-11-28 10:21:00  [ localhost-startStop-1:1435 ] - [ INFO ]  FrameworkServlet 'redis': initialization started
2017-11-28 10:21:00  [ localhost-startStop-1:1438 ] - [ INFO ]  Refreshing WebApplicationContext for namespace 'redis-servlet': startup date [Tue Nov 28 10:21:00 CST 2017]; parent: Root WebApplicationContext
2017-11-28 10:21:00  [ localhost-startStop-1:1439 ] - [ INFO ]  Loading XML bean definitions from class path resource [spring/springmvc.xml]
2017-11-28 10:21:00  [ localhost-startStop-1:1622 ] - [ INFO ]  JSR-330 'javax.inject.Inject' annotation found and supported for autowiring
2017-11-28 10:21:01  [ localhost-startStop-1:1874 ] - [ INFO ]  Mapped "{[/list.do]}" onto public java.lang.String com.redis.controller.UserController.find(org.springframework.ui.Model)
2017-11-28 10:21:01  [ localhost-startStop-1:2057 ] - [ WARN ]  Exception encountered during context initialization - cancelling refresh attempt: org.springframework.beans.factory.BeanCreationException: Error creating bean with name 'org.springframework.web.servlet.mvc.method.annotation.RequestMappingHandlerAdapter': Instantiation of bean failed; nested exception is org.springframework.beans.BeanInstantiationException: Failed to instantiate [org.springframework.web.servlet.mvc.method.annotation.RequestMappingHandlerAdapter]: Constructor threw exception; nested exception is java.lang.NoClassDefFoundError: com/fasterxml/jackson/core/util/DefaultIndenter
2017-11-28 10:21:01  [ localhost-startStop-1:2058 ] - [ ERROR ]  Context initialization failed
org.springframework.beans.factory.BeanCreationException: Error creating bean with name 'org.springframework.web.servlet.mvc.method.annotation.RequestMappingHandlerAdapter': Instantiation of bean failed; nested exception is org.springframework.beans.BeanInstantiationException: Failed to instantiate [org.springframework.web.servlet.mvc.method.annotation.RequestMappingHandlerAdapter]: Constructor threw exception; nested exception is java.lang.NoClassDefFoundError: com/fasterxml/jackson/core/util/DefaultIndenter
	at org.springframework.beans.factory.support.AbstractAutowireCapableBeanFactory.instantiateBean(AbstractAutowireCapableBeanFactory.java:1155)
	at org.springframework.beans.factory.support.AbstractAutowireCapableBeanFactory.createBeanInstance(AbstractAutowireCapableBeanFactory.java:1099)
	at org.springframework.beans.factory.support.AbstractAutowireCapableBeanFactory.doCreateBean(AbstractAutowireCapableBeanFactory.java:513)
	at org.springframework.beans.factory.support.AbstractAutowireCapableBeanFactory.createBean(AbstractAutowireCapableBeanFactory.java:483)
	at org.springframework.beans.factory.support.AbstractBeanFactory$1.getObject(AbstractBeanFactory.java:306)
	at org.springframework.beans.factory.support.DefaultSingletonBeanRegistry.getSingleton(DefaultSingletonBeanRegistry.java:230)
	at org.springframework.beans.factory.support.AbstractBeanFactory.doGetBean(AbstractBeanFactory.java:302)
	at org.springframework.beans.factory.support.AbstractBeanFactory.getBean(AbstractBeanFactory.java:197)
	at org.springframework.beans.factory.support.DefaultListableBeanFactory.preInstantiateSingletons(DefaultListableBeanFactory.java:761)
	at org.springframework.context.support.AbstractApplicationContext.finishBeanFactoryInitialization(AbstractApplicationContext.java:867)
	at org.springframework.context.support.AbstractApplicationContext.refresh(AbstractApplicationContext.java:543)
	at org.springframework.web.servlet.FrameworkServlet.configureAndRefreshWebApplicationContext(FrameworkServlet.java:668)
	at org.springframework.web.servlet.FrameworkServlet.createWebApplicationContext(FrameworkServlet.java:634)
	at org.springframework.web.servlet.FrameworkServlet.createWebApplicationContext(FrameworkServlet.java:682)
	at org.springframework.web.servlet.FrameworkServlet.initWebApplicationContext(FrameworkServlet.java:553)
	at org.springframework.web.servlet.FrameworkServlet.initServletBean(FrameworkServlet.java:494)
	at org.springframework.web.servlet.HttpServletBean.init(HttpServletBean.java:171)
	at javax.servlet.GenericServlet.init(GenericServlet.java:160)
	at org.apache.catalina.core.StandardWrapper.initServlet(StandardWrapper.java:1280)
	at org.apache.catalina.core.StandardWrapper.loadServlet(StandardWrapper.java:1193)
	at org.apache.catalina.core.StandardWrapper.load(StandardWrapper.java:1088)
	at org.apache.catalina.core.StandardContext.loadOnStartup(StandardContext.java:5176)
	at org.apache.catalina.core.StandardContext.startInternal(StandardContext.java:5460)
	at org.apache.catalina.util.LifecycleBase.start(LifecycleBase.java:150)
	at org.apache.catalina.core.ContainerBase$StartChild.call(ContainerBase.java:1559)
	at org.apache.catalina.core.ContainerBase$StartChild.call(ContainerBase.java:1549)
	at java.util.concurrent.FutureTask.run(FutureTask.java:266)
	at java.util.concurrent.ThreadPoolExecutor.runWorker(ThreadPoolExecutor.java:1142)
	at java.util.concurrent.ThreadPoolExecutor$Worker.run(ThreadPoolExecutor.java:617)
	at java.lang.Thread.run(Thread.java:748)
Caused by: org.springframework.beans.BeanInstantiationException: Failed to instantiate [org.springframework.web.servlet.mvc.method.annotation.RequestMappingHandlerAdapter]: Constructor threw exception; nested exception is java.lang.NoClassDefFoundError: com/fasterxml/jackson/core/util/DefaultIndenter
	at org.springframework.beans.BeanUtils.instantiateClass(BeanUtils.java:154)
	at org.springframework.beans.factory.support.SimpleInstantiationStrategy.instantiate(SimpleInstantiationStrategy.java:89)
	at org.springframework.beans.factory.support.AbstractAutowireCapableBeanFactory.instantiateBean(AbstractAutowireCapableBeanFactory.java:1147)
	... 29 more
Caused by: java.lang.NoClassDefFoundError: com/fasterxml/jackson/core/util/DefaultIndenter
	at org.springframework.http.converter.json.AbstractJackson2HttpMessageConverter.init(AbstractJackson2HttpMessageConverter.java:97)
	at org.springframework.http.converter.json.AbstractJackson2HttpMessageConverter.<init>(AbstractJackson2HttpMessageConverter.java:90)
	at org.springframework.http.converter.json.MappingJackson2HttpMessageConverter.<init>(MappingJackson2HttpMessageConverter.java:66)
	at org.springframework.http.converter.json.MappingJackson2HttpMessageConverter.<init>(MappingJackson2HttpMessageConverter.java:57)
	at org.springframework.http.converter.support.AllEncompassingFormHttpMessageConverter.<init>(AllEncompassingFormHttpMessageConverter.java:61)
	at org.springframework.web.servlet.mvc.method.annotation.RequestMappingHandlerAdapter.<init>(RequestMappingHandlerAdapter.java:182)
	at sun.reflect.NativeConstructorAccessorImpl.newInstance0(Native Method)
	at sun.reflect.NativeConstructorAccessorImpl.newInstance(NativeConstructorAccessorImpl.java:62)
	at sun.reflect.DelegatingConstructorAccessorImpl.newInstance(DelegatingConstructorAccessorImpl.java:45)
	at java.lang.reflect.Constructor.newInstance(Constructor.java:423)
	at org.springframework.beans.BeanUtils.instantiateClass(BeanUtils.java:142)
	... 31 more
Caused by: java.lang.ClassNotFoundException: com.fasterxml.jackson.core.util.DefaultIndenter
	at org.apache.catalina.loader.WebappClassLoader.loadClass(WebappClassLoader.java:1702)
	at org.apache.catalina.loader.WebappClassLoader.loadClass(WebappClassLoader.java:1547)
	... 42 more
2017-11-28 10:24:09  [ localhost-startStop-1:0 ] - [ INFO ]  Root WebApplicationContext: initialization started
2017-11-28 10:24:09  [ localhost-startStop-1:48 ] - [ INFO ]  Refreshing Root WebApplicationContext: startup date [Tue Nov 28 10:24:09 CST 2017]; root of context hierarchy
2017-11-28 10:24:09  [ localhost-startStop-1:86 ] - [ INFO ]  Loading XML bean definitions from file [D:\shixun\abc\redis\target\classes\spring\applicationContext-dao.xml]
2017-11-28 10:24:09  [ localhost-startStop-1:216 ] - [ INFO ]  Loading XML bean definitions from file [D:\shixun\abc\redis\target\classes\spring\applicationContext-jedis.xml]
2017-11-28 10:24:09  [ localhost-startStop-1:237 ] - [ INFO ]  Loading XML bean definitions from file [D:\shixun\abc\redis\target\classes\spring\applicationContext-service.xml]
2017-11-28 10:24:10  [ localhost-startStop-1:485 ] - [ INFO ]  JSR-330 'javax.inject.Inject' annotation found and supported for autowiring
2017-11-28 10:24:10  [ localhost-startStop-1:900 ] - [ INFO ]  Root WebApplicationContext: initialization completed in 900 ms
2017-11-28 10:24:10  [ localhost-startStop-1:934 ] - [ INFO ]  FrameworkServlet 'redis': initialization started
2017-11-28 10:24:10  [ localhost-startStop-1:937 ] - [ INFO ]  Refreshing WebApplicationContext for namespace 'redis-servlet': startup date [Tue Nov 28 10:24:10 CST 2017]; parent: Root WebApplicationContext
2017-11-28 10:24:10  [ localhost-startStop-1:937 ] - [ INFO ]  Loading XML bean definitions from class path resource [spring/springmvc.xml]
2017-11-28 10:24:10  [ localhost-startStop-1:1044 ] - [ INFO ]  JSR-330 'javax.inject.Inject' annotation found and supported for autowiring
2017-11-28 10:24:10  [ localhost-startStop-1:1239 ] - [ INFO ]  Mapped "{[/list.do]}" onto public java.lang.String com.redis.controller.UserController.find(org.springframework.ui.Model)
2017-11-28 10:24:11  [ localhost-startStop-1:1386 ] - [ WARN ]  Exception encountered during context initialization - cancelling refresh attempt: org.springframework.beans.factory.BeanCreationException: Error creating bean with name 'org.springframework.web.servlet.mvc.method.annotation.RequestMappingHandlerAdapter': Instantiation of bean failed; nested exception is org.springframework.beans.BeanInstantiationException: Failed to instantiate [org.springframework.web.servlet.mvc.method.annotation.RequestMappingHandlerAdapter]: Constructor threw exception; nested exception is java.lang.NoClassDefFoundError: com/fasterxml/jackson/core/util/DefaultIndenter
2017-11-28 10:24:11  [ localhost-startStop-1:1388 ] - [ ERROR ]  Context initialization failed
org.springframework.beans.factory.BeanCreationException: Error creating bean with name 'org.springframework.web.servlet.mvc.method.annotation.RequestMappingHandlerAdapter': Instantiation of bean failed; nested exception is org.springframework.beans.BeanInstantiationException: Failed to instantiate [org.springframework.web.servlet.mvc.method.annotation.RequestMappingHandlerAdapter]: Constructor threw exception; nested exception is java.lang.NoClassDefFoundError: com/fasterxml/jackson/core/util/DefaultIndenter
	at org.springframework.beans.factory.support.AbstractAutowireCapableBeanFactory.instantiateBean(AbstractAutowireCapableBeanFactory.java:1155)
	at org.springframework.beans.factory.support.AbstractAutowireCapableBeanFactory.createBeanInstance(AbstractAutowireCapableBeanFactory.java:1099)
	at org.springframework.beans.factory.support.AbstractAutowireCapableBeanFactory.doCreateBean(AbstractAutowireCapableBeanFactory.java:513)
	at org.springframework.beans.factory.support.AbstractAutowireCapableBeanFactory.createBean(AbstractAutowireCapableBeanFactory.java:483)
	at org.springframework.beans.factory.support.AbstractBeanFactory$1.getObject(AbstractBeanFactory.java:306)
	at org.springframework.beans.factory.support.DefaultSingletonBeanRegistry.getSingleton(DefaultSingletonBeanRegistry.java:230)
	at org.springframework.beans.factory.support.AbstractBeanFactory.doGetBean(AbstractBeanFactory.java:302)
	at org.springframework.beans.factory.support.AbstractBeanFactory.getBean(AbstractBeanFactory.java:197)
	at org.springframework.beans.factory.support.DefaultListableBeanFactory.preInstantiateSingletons(DefaultListableBeanFactory.java:761)
	at org.springframework.context.support.AbstractApplicationContext.finishBeanFactoryInitialization(AbstractApplicationContext.java:867)
	at org.springframework.context.support.AbstractApplicationContext.refresh(AbstractApplicationContext.java:543)
	at org.springframework.web.servlet.FrameworkServlet.configureAndRefreshWebApplicationContext(FrameworkServlet.java:668)
	at org.springframework.web.servlet.FrameworkServlet.createWebApplicationContext(FrameworkServlet.java:634)
	at org.springframework.web.servlet.FrameworkServlet.createWebApplicationContext(FrameworkServlet.java:682)
	at org.springframework.web.servlet.FrameworkServlet.initWebApplicationContext(FrameworkServlet.java:553)
	at org.springframework.web.servlet.FrameworkServlet.initServletBean(FrameworkServlet.java:494)
	at org.springframework.web.servlet.HttpServletBean.init(HttpServletBean.java:171)
	at javax.servlet.GenericServlet.init(GenericServlet.java:160)
	at org.apache.catalina.core.StandardWrapper.initServlet(StandardWrapper.java:1280)
	at org.apache.catalina.core.StandardWrapper.loadServlet(StandardWrapper.java:1193)
	at org.apache.catalina.core.StandardWrapper.load(StandardWrapper.java:1088)
	at org.apache.catalina.core.StandardContext.loadOnStartup(StandardContext.java:5176)
	at org.apache.catalina.core.StandardContext.startInternal(StandardContext.java:5460)
	at org.apache.catalina.util.LifecycleBase.start(LifecycleBase.java:150)
	at org.apache.catalina.core.ContainerBase$StartChild.call(ContainerBase.java:1559)
	at org.apache.catalina.core.ContainerBase$StartChild.call(ContainerBase.java:1549)
	at java.util.concurrent.FutureTask.run(FutureTask.java:266)
	at java.util.concurrent.ThreadPoolExecutor.runWorker(ThreadPoolExecutor.java:1142)
	at java.util.concurrent.ThreadPoolExecutor$Worker.run(ThreadPoolExecutor.java:617)
	at java.lang.Thread.run(Thread.java:748)
Caused by: org.springframework.beans.BeanInstantiationException: Failed to instantiate [org.springframework.web.servlet.mvc.method.annotation.RequestMappingHandlerAdapter]: Constructor threw exception; nested exception is java.lang.NoClassDefFoundError: com/fasterxml/jackson/core/util/DefaultIndenter
	at org.springframework.beans.BeanUtils.instantiateClass(BeanUtils.java:154)
	at org.springframework.beans.factory.support.SimpleInstantiationStrategy.instantiate(SimpleInstantiationStrategy.java:89)
	at org.springframework.beans.factory.support.AbstractAutowireCapableBeanFactory.instantiateBean(AbstractAutowireCapableBeanFactory.java:1147)
	... 29 more
Caused by: java.lang.NoClassDefFoundError: com/fasterxml/jackson/core/util/DefaultIndenter
	at org.springframework.http.converter.json.AbstractJackson2HttpMessageConverter.init(AbstractJackson2HttpMessageConverter.java:97)
	at org.springframework.http.converter.json.AbstractJackson2HttpMessageConverter.<init>(AbstractJackson2HttpMessageConverter.java:90)
	at org.springframework.http.converter.json.MappingJackson2HttpMessageConverter.<init>(MappingJackson2HttpMessageConverter.java:66)
	at org.springframework.http.converter.json.MappingJackson2HttpMessageConverter.<init>(MappingJackson2HttpMessageConverter.java:57)
	at org.springframework.http.converter.support.AllEncompassingFormHttpMessageConverter.<init>(AllEncompassingFormHttpMessageConverter.java:61)
	at org.springframework.web.servlet.mvc.method.annotation.RequestMappingHandlerAdapter.<init>(RequestMappingHandlerAdapter.java:182)
	at sun.reflect.NativeConstructorAccessorImpl.newInstance0(Native Method)
	at sun.reflect.NativeConstructorAccessorImpl.newInstance(NativeConstructorAccessorImpl.java:62)
	at sun.reflect.DelegatingConstructorAccessorImpl.newInstance(DelegatingConstructorAccessorImpl.java:45)
	at java.lang.reflect.Constructor.newInstance(Constructor.java:423)
	at org.springframework.beans.BeanUtils.instantiateClass(BeanUtils.java:142)
	... 31 more
Caused by: java.lang.ClassNotFoundException: com.fasterxml.jackson.core.util.DefaultIndenter
	at org.apache.catalina.loader.WebappClassLoader.loadClass(WebappClassLoader.java:1702)
	at org.apache.catalina.loader.WebappClassLoader.loadClass(WebappClassLoader.java:1547)
	... 42 more
2017-11-28 10:31:10  [ localhost-startStop-1:0 ] - [ INFO ]  Root WebApplicationContext: initialization started
2017-11-28 10:31:10  [ localhost-startStop-1:56 ] - [ INFO ]  Refreshing Root WebApplicationContext: startup date [Tue Nov 28 10:31:10 CST 2017]; root of context hierarchy
2017-11-28 10:31:10  [ localhost-startStop-1:98 ] - [ INFO ]  Loading XML bean definitions from file [D:\shixun\abc\redis\target\classes\spring\applicationContext-dao.xml]
2017-11-28 10:31:10  [ localhost-startStop-1:218 ] - [ INFO ]  Loading XML bean definitions from file [D:\shixun\abc\redis\target\classes\spring\applicationContext-jedis.xml]
2017-11-28 10:31:10  [ localhost-startStop-1:242 ] - [ INFO ]  Loading XML bean definitions from file [D:\shixun\abc\redis\target\classes\spring\applicationContext-service.xml]
2017-11-28 10:31:11  [ localhost-startStop-1:543 ] - [ INFO ]  JSR-330 'javax.inject.Inject' annotation found and supported for autowiring
2017-11-28 10:31:11  [ localhost-startStop-1:964 ] - [ INFO ]  Root WebApplicationContext: initialization completed in 963 ms
2017-11-28 10:31:11  [ localhost-startStop-1:996 ] - [ INFO ]  FrameworkServlet 'redis': initialization started
2017-11-28 10:31:11  [ localhost-startStop-1:999 ] - [ INFO ]  Refreshing WebApplicationContext for namespace 'redis-servlet': startup date [Tue Nov 28 10:31:11 CST 2017]; parent: Root WebApplicationContext
2017-11-28 10:31:11  [ localhost-startStop-1:1000 ] - [ INFO ]  Loading XML bean definitions from class path resource [spring/springmvc.xml]
2017-11-28 10:31:11  [ localhost-startStop-1:1133 ] - [ INFO ]  JSR-330 'javax.inject.Inject' annotation found and supported for autowiring
2017-11-28 10:31:11  [ localhost-startStop-1:1316 ] - [ INFO ]  Mapped "{[/list.do]}" onto public java.lang.String com.redis.controller.UserController.find(org.springframework.ui.Model)
2017-11-28 10:31:11  [ localhost-startStop-1:1482 ] - [ WARN ]  Exception encountered during context initialization - cancelling refresh attempt: org.springframework.beans.factory.BeanCreationException: Error creating bean with name 'org.springframework.web.servlet.mvc.method.annotation.RequestMappingHandlerAdapter': Instantiation of bean failed; nested exception is org.springframework.beans.BeanInstantiationException: Failed to instantiate [org.springframework.web.servlet.mvc.method.annotation.RequestMappingHandlerAdapter]: Constructor threw exception; nested exception is java.lang.NoClassDefFoundError: com/fasterxml/jackson/core/util/DefaultIndenter
2017-11-28 10:31:11  [ localhost-startStop-1:1483 ] - [ ERROR ]  Context initialization failed
org.springframework.beans.factory.BeanCreationException: Error creating bean with name 'org.springframework.web.servlet.mvc.method.annotation.RequestMappingHandlerAdapter': Instantiation of bean failed; nested exception is org.springframework.beans.BeanInstantiationException: Failed to instantiate [org.springframework.web.servlet.mvc.method.annotation.RequestMappingHandlerAdapter]: Constructor threw exception; nested exception is java.lang.NoClassDefFoundError: com/fasterxml/jackson/core/util/DefaultIndenter
	at org.springframework.beans.factory.support.AbstractAutowireCapableBeanFactory.instantiateBean(AbstractAutowireCapableBeanFactory.java:1155)
	at org.springframework.beans.factory.support.AbstractAutowireCapableBeanFactory.createBeanInstance(AbstractAutowireCapableBeanFactory.java:1099)
	at org.springframework.beans.factory.support.AbstractAutowireCapableBeanFactory.doCreateBean(AbstractAutowireCapableBeanFactory.java:513)
	at org.springframework.beans.factory.support.AbstractAutowireCapableBeanFactory.createBean(AbstractAutowireCapableBeanFactory.java:483)
	at org.springframework.beans.factory.support.AbstractBeanFactory$1.getObject(AbstractBeanFactory.java:306)
	at org.springframework.beans.factory.support.DefaultSingletonBeanRegistry.getSingleton(DefaultSingletonBeanRegistry.java:230)
	at org.springframework.beans.factory.support.AbstractBeanFactory.doGetBean(AbstractBeanFactory.java:302)
	at org.springframework.beans.factory.support.AbstractBeanFactory.getBean(AbstractBeanFactory.java:197)
	at org.springframework.beans.factory.support.DefaultListableBeanFactory.preInstantiateSingletons(DefaultListableBeanFactory.java:761)
	at org.springframework.context.support.AbstractApplicationContext.finishBeanFactoryInitialization(AbstractApplicationContext.java:867)
	at org.springframework.context.support.AbstractApplicationContext.refresh(AbstractApplicationContext.java:543)
	at org.springframework.web.servlet.FrameworkServlet.configureAndRefreshWebApplicationContext(FrameworkServlet.java:668)
	at org.springframework.web.servlet.FrameworkServlet.createWebApplicationContext(FrameworkServlet.java:634)
	at org.springframework.web.servlet.FrameworkServlet.createWebApplicationContext(FrameworkServlet.java:682)
	at org.springframework.web.servlet.FrameworkServlet.initWebApplicationContext(FrameworkServlet.java:553)
	at org.springframework.web.servlet.FrameworkServlet.initServletBean(FrameworkServlet.java:494)
	at org.springframework.web.servlet.HttpServletBean.init(HttpServletBean.java:171)
	at javax.servlet.GenericServlet.init(GenericServlet.java:160)
	at org.apache.catalina.core.StandardWrapper.initServlet(StandardWrapper.java:1280)
	at org.apache.catalina.core.StandardWrapper.loadServlet(StandardWrapper.java:1193)
	at org.apache.catalina.core.StandardWrapper.load(StandardWrapper.java:1088)
	at org.apache.catalina.core.StandardContext.loadOnStartup(StandardContext.java:5176)
	at org.apache.catalina.core.StandardContext.startInternal(StandardContext.java:5460)
	at org.apache.catalina.util.LifecycleBase.start(LifecycleBase.java:150)
	at org.apache.catalina.core.ContainerBase$StartChild.call(ContainerBase.java:1559)
	at org.apache.catalina.core.ContainerBase$StartChild.call(ContainerBase.java:1549)
	at java.util.concurrent.FutureTask.run(FutureTask.java:266)
	at java.util.concurrent.ThreadPoolExecutor.runWorker(ThreadPoolExecutor.java:1142)
	at java.util.concurrent.ThreadPoolExecutor$Worker.run(ThreadPoolExecutor.java:617)
	at java.lang.Thread.run(Thread.java:748)
Caused by: org.springframework.beans.BeanInstantiationException: Failed to instantiate [org.springframework.web.servlet.mvc.method.annotation.RequestMappingHandlerAdapter]: Constructor threw exception; nested exception is java.lang.NoClassDefFoundError: com/fasterxml/jackson/core/util/DefaultIndenter
	at org.springframework.beans.BeanUtils.instantiateClass(BeanUtils.java:154)
	at org.springframework.beans.factory.support.SimpleInstantiationStrategy.instantiate(SimpleInstantiationStrategy.java:89)
	at org.springframework.beans.factory.support.AbstractAutowireCapableBeanFactory.instantiateBean(AbstractAutowireCapableBeanFactory.java:1147)
	... 29 more
Caused by: java.lang.NoClassDefFoundError: com/fasterxml/jackson/core/util/DefaultIndenter
	at org.springframework.http.converter.json.AbstractJackson2HttpMessageConverter.init(AbstractJackson2HttpMessageConverter.java:97)
	at org.springframework.http.converter.json.AbstractJackson2HttpMessageConverter.<init>(AbstractJackson2HttpMessageConverter.java:90)
	at org.springframework.http.converter.json.MappingJackson2HttpMessageConverter.<init>(MappingJackson2HttpMessageConverter.java:66)
	at org.springframework.http.converter.json.MappingJackson2HttpMessageConverter.<init>(MappingJackson2HttpMessageConverter.java:57)
	at org.springframework.http.converter.support.AllEncompassingFormHttpMessageConverter.<init>(AllEncompassingFormHttpMessageConverter.java:61)
	at org.springframework.web.servlet.mvc.method.annotation.RequestMappingHandlerAdapter.<init>(RequestMappingHandlerAdapter.java:182)
	at sun.reflect.NativeConstructorAccessorImpl.newInstance0(Native Method)
	at sun.reflect.NativeConstructorAccessorImpl.newInstance(NativeConstructorAccessorImpl.java:62)
	at sun.reflect.DelegatingConstructorAccessorImpl.newInstance(DelegatingConstructorAccessorImpl.java:45)
	at java.lang.reflect.Constructor.newInstance(Constructor.java:423)
	at org.springframework.beans.BeanUtils.instantiateClass(BeanUtils.java:142)
	... 31 more
Caused by: java.lang.ClassNotFoundException: com.fasterxml.jackson.core.util.DefaultIndenter
	at org.apache.catalina.loader.WebappClassLoader.loadClass(WebappClassLoader.java:1702)
	at org.apache.catalina.loader.WebappClassLoader.loadClass(WebappClassLoader.java:1547)
	... 42 more
2017-11-28 10:32:09  [ localhost-startStop-1:0 ] - [ INFO ]  Root WebApplicationContext: initialization started
2017-11-28 10:32:09  [ localhost-startStop-1:69 ] - [ INFO ]  Refreshing Root WebApplicationContext: startup date [Tue Nov 28 10:32:09 CST 2017]; root of context hierarchy
2017-11-28 10:32:09  [ localhost-startStop-1:124 ] - [ INFO ]  Loading XML bean definitions from file [D:\shixun\abc\redis\target\classes\spring\applicationContext-dao.xml]
2017-11-28 10:32:10  [ localhost-startStop-1:258 ] - [ INFO ]  Loading XML bean definitions from file [D:\shixun\abc\redis\target\classes\spring\applicationContext-jedis.xml]
2017-11-28 10:32:10  [ localhost-startStop-1:277 ] - [ INFO ]  Loading XML bean definitions from file [D:\shixun\abc\redis\target\classes\spring\applicationContext-service.xml]
2017-11-28 10:32:10  [ localhost-startStop-1:508 ] - [ INFO ]  JSR-330 'javax.inject.Inject' annotation found and supported for autowiring
2017-11-28 10:32:10  [ localhost-startStop-1:926 ] - [ INFO ]  Root WebApplicationContext: initialization completed in 926 ms
2017-11-28 10:32:10  [ localhost-startStop-1:959 ] - [ INFO ]  FrameworkServlet 'redis': initialization started
2017-11-28 10:32:10  [ localhost-startStop-1:961 ] - [ INFO ]  Refreshing WebApplicationContext for namespace 'redis-servlet': startup date [Tue Nov 28 10:32:10 CST 2017]; parent: Root WebApplicationContext
2017-11-28 10:32:10  [ localhost-startStop-1:962 ] - [ INFO ]  Loading XML bean definitions from class path resource [spring/springmvc.xml]
2017-11-28 10:32:10  [ localhost-startStop-1:1072 ] - [ INFO ]  JSR-330 'javax.inject.Inject' annotation found and supported for autowiring
2017-11-28 10:32:11  [ localhost-startStop-1:1275 ] - [ INFO ]  Mapped "{[/list.do]}" onto public java.lang.String com.redis.controller.UserController.find(org.springframework.ui.Model)
2017-11-28 10:32:11  [ localhost-startStop-1:1426 ] - [ WARN ]  Exception encountered during context initialization - cancelling refresh attempt: org.springframework.beans.factory.BeanCreationException: Error creating bean with name 'org.springframework.web.servlet.mvc.method.annotation.RequestMappingHandlerAdapter': Instantiation of bean failed; nested exception is org.springframework.beans.BeanInstantiationException: Failed to instantiate [org.springframework.web.servlet.mvc.method.annotation.RequestMappingHandlerAdapter]: Constructor threw exception; nested exception is java.lang.NoClassDefFoundError: com/fasterxml/jackson/core/util/DefaultIndenter
2017-11-28 10:32:11  [ localhost-startStop-1:1427 ] - [ ERROR ]  Context initialization failed
org.springframework.beans.factory.BeanCreationException: Error creating bean with name 'org.springframework.web.servlet.mvc.method.annotation.RequestMappingHandlerAdapter': Instantiation of bean failed; nested exception is org.springframework.beans.BeanInstantiationException: Failed to instantiate [org.springframework.web.servlet.mvc.method.annotation.RequestMappingHandlerAdapter]: Constructor threw exception; nested exception is java.lang.NoClassDefFoundError: com/fasterxml/jackson/core/util/DefaultIndenter
	at org.springframework.beans.factory.support.AbstractAutowireCapableBeanFactory.instantiateBean(AbstractAutowireCapableBeanFactory.java:1155)
	at org.springframework.beans.factory.support.AbstractAutowireCapableBeanFactory.createBeanInstance(AbstractAutowireCapableBeanFactory.java:1099)
	at org.springframework.beans.factory.support.AbstractAutowireCapableBeanFactory.doCreateBean(AbstractAutowireCapableBeanFactory.java:513)
	at org.springframework.beans.factory.support.AbstractAutowireCapableBeanFactory.createBean(AbstractAutowireCapableBeanFactory.java:483)
	at org.springframework.beans.factory.support.AbstractBeanFactory$1.getObject(AbstractBeanFactory.java:306)
	at org.springframework.beans.factory.support.DefaultSingletonBeanRegistry.getSingleton(DefaultSingletonBeanRegistry.java:230)
	at org.springframework.beans.factory.support.AbstractBeanFactory.doGetBean(AbstractBeanFactory.java:302)
	at org.springframework.beans.factory.support.AbstractBeanFactory.getBean(AbstractBeanFactory.java:197)
	at org.springframework.beans.factory.support.DefaultListableBeanFactory.preInstantiateSingletons(DefaultListableBeanFactory.java:761)
	at org.springframework.context.support.AbstractApplicationContext.finishBeanFactoryInitialization(AbstractApplicationContext.java:867)
	at org.springframework.context.support.AbstractApplicationContext.refresh(AbstractApplicationContext.java:543)
	at org.springframework.web.servlet.FrameworkServlet.configureAndRefreshWebApplicationContext(FrameworkServlet.java:668)
	at org.springframework.web.servlet.FrameworkServlet.createWebApplicationContext(FrameworkServlet.java:634)
	at org.springframework.web.servlet.FrameworkServlet.createWebApplicationContext(FrameworkServlet.java:682)
	at org.springframework.web.servlet.FrameworkServlet.initWebApplicationContext(FrameworkServlet.java:553)
	at org.springframework.web.servlet.FrameworkServlet.initServletBean(FrameworkServlet.java:494)
	at org.springframework.web.servlet.HttpServletBean.init(HttpServletBean.java:171)
	at javax.servlet.GenericServlet.init(GenericServlet.java:160)
	at org.apache.catalina.core.StandardWrapper.initServlet(StandardWrapper.java:1280)
	at org.apache.catalina.core.StandardWrapper.loadServlet(StandardWrapper.java:1193)
	at org.apache.catalina.core.StandardWrapper.load(StandardWrapper.java:1088)
	at org.apache.catalina.core.StandardContext.loadOnStartup(StandardContext.java:5176)
	at org.apache.catalina.core.StandardContext.startInternal(StandardContext.java:5460)
	at org.apache.catalina.util.LifecycleBase.start(LifecycleBase.java:150)
	at org.apache.catalina.core.ContainerBase$StartChild.call(ContainerBase.java:1559)
	at org.apache.catalina.core.ContainerBase$StartChild.call(ContainerBase.java:1549)
	at java.util.concurrent.FutureTask.run(FutureTask.java:266)
	at java.util.concurrent.ThreadPoolExecutor.runWorker(ThreadPoolExecutor.java:1142)
	at java.util.concurrent.ThreadPoolExecutor$Worker.run(ThreadPoolExecutor.java:617)
	at java.lang.Thread.run(Thread.java:748)
Caused by: org.springframework.beans.BeanInstantiationException: Failed to instantiate [org.springframework.web.servlet.mvc.method.annotation.RequestMappingHandlerAdapter]: Constructor threw exception; nested exception is java.lang.NoClassDefFoundError: com/fasterxml/jackson/core/util/DefaultIndenter
	at org.springframework.beans.BeanUtils.instantiateClass(BeanUtils.java:154)
	at org.springframework.beans.factory.support.SimpleInstantiationStrategy.instantiate(SimpleInstantiationStrategy.java:89)
	at org.springframework.beans.factory.support.AbstractAutowireCapableBeanFactory.instantiateBean(AbstractAutowireCapableBeanFactory.java:1147)
	... 29 more
Caused by: java.lang.NoClassDefFoundError: com/fasterxml/jackson/core/util/DefaultIndenter
	at org.springframework.http.converter.json.AbstractJackson2HttpMessageConverter.init(AbstractJackson2HttpMessageConverter.java:97)
	at org.springframework.http.converter.json.AbstractJackson2HttpMessageConverter.<init>(AbstractJackson2HttpMessageConverter.java:90)
	at org.springframework.http.converter.json.MappingJackson2HttpMessageConverter.<init>(MappingJackson2HttpMessageConverter.java:66)
	at org.springframework.http.converter.json.MappingJackson2HttpMessageConverter.<init>(MappingJackson2HttpMessageConverter.java:57)
	at org.springframework.http.converter.support.AllEncompassingFormHttpMessageConverter.<init>(AllEncompassingFormHttpMessageConverter.java:61)
	at org.springframework.web.servlet.mvc.method.annotation.RequestMappingHandlerAdapter.<init>(RequestMappingHandlerAdapter.java:182)
	at sun.reflect.NativeConstructorAccessorImpl.newInstance0(Native Method)
	at sun.reflect.NativeConstructorAccessorImpl.newInstance(NativeConstructorAccessorImpl.java:62)
	at sun.reflect.DelegatingConstructorAccessorImpl.newInstance(DelegatingConstructorAccessorImpl.java:45)
	at java.lang.reflect.Constructor.newInstance(Constructor.java:423)
	at org.springframework.beans.BeanUtils.instantiateClass(BeanUtils.java:142)
	... 31 more
Caused by: java.lang.ClassNotFoundException: com.fasterxml.jackson.core.util.DefaultIndenter
	at org.apache.catalina.loader.WebappClassLoader.loadClass(WebappClassLoader.java:1702)
	at org.apache.catalina.loader.WebappClassLoader.loadClass(WebappClassLoader.java:1547)
	... 42 more
2017-11-28 10:39:01  [ localhost-startStop-1:0 ] - [ INFO ]  Root WebApplicationContext: initialization started
2017-11-28 10:39:01  [ localhost-startStop-1:58 ] - [ INFO ]  Refreshing Root WebApplicationContext: startup date [Tue Nov 28 10:39:01 CST 2017]; root of context hierarchy
2017-11-28 10:39:01  [ localhost-startStop-1:103 ] - [ INFO ]  Loading XML bean definitions from file [D:\shixun\abc\redis\target\classes\spring\applicationContext-dao.xml]
2017-11-28 10:39:01  [ localhost-startStop-1:242 ] - [ INFO ]  Loading XML bean definitions from file [D:\shixun\abc\redis\target\classes\spring\applicationContext-jedis.xml]
2017-11-28 10:39:01  [ localhost-startStop-1:265 ] - [ INFO ]  Loading XML bean definitions from file [D:\shixun\abc\redis\target\classes\spring\applicationContext-service.xml]
2017-11-28 10:39:01  [ localhost-startStop-1:535 ] - [ INFO ]  JSR-330 'javax.inject.Inject' annotation found and supported for autowiring
2017-11-28 10:39:02  [ localhost-startStop-1:962 ] - [ WARN ]  Exception encountered during context initialization - cancelling refresh attempt: org.springframework.beans.factory.BeanCreationException: Error creating bean with name 'userServiceImpl': Injection of autowired dependencies failed; nested exception is java.lang.IllegalArgumentException: Could not resolve placeholder 'INDEX_CONTENT_REDIS_KEY' in value "${INDEX_CONTENT_REDIS_KEY}"
2017-11-28 10:39:02  [ localhost-startStop-1:965 ] - [ ERROR ]  Context initialization failed
org.springframework.beans.factory.BeanCreationException: Error creating bean with name 'userServiceImpl': Injection of autowired dependencies failed; nested exception is java.lang.IllegalArgumentException: Could not resolve placeholder 'INDEX_CONTENT_REDIS_KEY' in value "${INDEX_CONTENT_REDIS_KEY}"
	at org.springframework.beans.factory.annotation.AutowiredAnnotationBeanPostProcessor.postProcessPropertyValues(AutowiredAnnotationBeanPostProcessor.java:372)
	at org.springframework.beans.factory.support.AbstractAutowireCapableBeanFactory.populateBean(AbstractAutowireCapableBeanFactory.java:1264)
	at org.springframework.beans.factory.support.AbstractAutowireCapableBeanFactory.doCreateBean(AbstractAutowireCapableBeanFactory.java:553)
	at org.springframework.beans.factory.support.AbstractAutowireCapableBeanFactory.createBean(AbstractAutowireCapableBeanFactory.java:483)
	at org.springframework.beans.factory.support.AbstractBeanFactory$1.getObject(AbstractBeanFactory.java:306)
	at org.springframework.beans.factory.support.DefaultSingletonBeanRegistry.getSingleton(DefaultSingletonBeanRegistry.java:230)
	at org.springframework.beans.factory.support.AbstractBeanFactory.doGetBean(AbstractBeanFactory.java:302)
	at org.springframework.beans.factory.support.AbstractBeanFactory.getBean(AbstractBeanFactory.java:197)
	at org.springframework.beans.factory.support.DefaultListableBeanFactory.preInstantiateSingletons(DefaultListableBeanFactory.java:761)
	at org.springframework.context.support.AbstractApplicationContext.finishBeanFactoryInitialization(AbstractApplicationContext.java:867)
	at org.springframework.context.support.AbstractApplicationContext.refresh(AbstractApplicationContext.java:543)
	at org.springframework.web.context.ContextLoader.configureAndRefreshWebApplicationContext(ContextLoader.java:443)
	at org.springframework.web.context.ContextLoader.initWebApplicationContext(ContextLoader.java:325)
	at org.springframework.web.context.ContextLoaderListener.contextInitialized(ContextLoaderListener.java:107)
	at org.apache.catalina.core.StandardContext.listenerStart(StandardContext.java:4939)
	at org.apache.catalina.core.StandardContext.startInternal(StandardContext.java:5434)
	at org.apache.catalina.util.LifecycleBase.start(LifecycleBase.java:150)
	at org.apache.catalina.core.ContainerBase$StartChild.call(ContainerBase.java:1559)
	at org.apache.catalina.core.ContainerBase$StartChild.call(ContainerBase.java:1549)
	at java.util.concurrent.FutureTask.run(FutureTask.java:266)
	at java.util.concurrent.ThreadPoolExecutor.runWorker(ThreadPoolExecutor.java:1142)
	at java.util.concurrent.ThreadPoolExecutor$Worker.run(ThreadPoolExecutor.java:617)
	at java.lang.Thread.run(Thread.java:748)
Caused by: java.lang.IllegalArgumentException: Could not resolve placeholder 'INDEX_CONTENT_REDIS_KEY' in value "${INDEX_CONTENT_REDIS_KEY}"
	at org.springframework.util.PropertyPlaceholderHelper.parseStringValue(PropertyPlaceholderHelper.java:174)
	at org.springframework.util.PropertyPlaceholderHelper.replacePlaceholders(PropertyPlaceholderHelper.java:126)
	at org.springframework.core.env.AbstractPropertyResolver.doResolvePlaceholders(AbstractPropertyResolver.java:236)
	at org.springframework.core.env.AbstractPropertyResolver.resolveRequiredPlaceholders(AbstractPropertyResolver.java:210)
	at org.springframework.context.support.PropertySourcesPlaceholderConfigurer$2.resolveStringValue(PropertySourcesPlaceholderConfigurer.java:172)
	at org.springframework.beans.factory.support.AbstractBeanFactory.resolveEmbeddedValue(AbstractBeanFactory.java:831)
	at org.springframework.beans.factory.support.DefaultListableBeanFactory.doResolveDependency(DefaultListableBeanFactory.java:1086)
	at org.springframework.beans.factory.support.DefaultListableBeanFactory.resolveDependency(DefaultListableBeanFactory.java:1066)
	at org.springframework.beans.factory.annotation.AutowiredAnnotationBeanPostProcessor$AutowiredFieldElement.inject(AutowiredAnnotationBeanPostProcessor.java:585)
	at org.springframework.beans.factory.annotation.InjectionMetadata.inject(InjectionMetadata.java:88)
	at org.springframework.beans.factory.annotation.AutowiredAnnotationBeanPostProcessor.postProcessPropertyValues(AutowiredAnnotationBeanPostProcessor.java:366)
	... 22 more
2017-11-28 10:40:00  [ localhost-startStop-1:0 ] - [ INFO ]  Root WebApplicationContext: initialization started
2017-11-28 10:40:01  [ localhost-startStop-1:54 ] - [ INFO ]  Refreshing Root WebApplicationContext: startup date [Tue Nov 28 10:40:01 CST 2017]; root of context hierarchy
2017-11-28 10:40:01  [ localhost-startStop-1:105 ] - [ INFO ]  Loading XML bean definitions from file [D:\shixun\abc\redis\target\classes\spring\applicationContext-dao.xml]
2017-11-28 10:40:01  [ localhost-startStop-1:247 ] - [ INFO ]  Loading XML bean definitions from file [D:\shixun\abc\redis\target\classes\spring\applicationContext-jedis.xml]
2017-11-28 10:40:01  [ localhost-startStop-1:267 ] - [ INFO ]  Loading XML bean definitions from file [D:\shixun\abc\redis\target\classes\spring\applicationContext-service.xml]
2017-11-28 10:40:01  [ localhost-startStop-1:516 ] - [ INFO ]  JSR-330 'javax.inject.Inject' annotation found and supported for autowiring
2017-11-28 10:40:01  [ localhost-startStop-1:963 ] - [ INFO ]  Root WebApplicationContext: initialization completed in 963 ms
2017-11-28 10:40:01  [ localhost-startStop-1:1005 ] - [ INFO ]  FrameworkServlet 'redis': initialization started
2017-11-28 10:40:01  [ localhost-startStop-1:1008 ] - [ INFO ]  Refreshing WebApplicationContext for namespace 'redis-servlet': startup date [Tue Nov 28 10:40:01 CST 2017]; parent: Root WebApplicationContext
2017-11-28 10:40:01  [ localhost-startStop-1:1008 ] - [ INFO ]  Loading XML bean definitions from class path resource [spring/springmvc.xml]
2017-11-28 10:40:02  [ localhost-startStop-1:1146 ] - [ INFO ]  JSR-330 'javax.inject.Inject' annotation found and supported for autowiring
2017-11-28 10:40:02  [ localhost-startStop-1:1367 ] - [ INFO ]  Mapped "{[/list.do]}" onto public java.lang.String com.redis.controller.UserController.find(org.springframework.ui.Model)
2017-11-28 10:40:02  [ localhost-startStop-1:1513 ] - [ WARN ]  Exception encountered during context initialization - cancelling refresh attempt: org.springframework.beans.factory.BeanCreationException: Error creating bean with name 'org.springframework.web.servlet.mvc.method.annotation.RequestMappingHandlerAdapter': Instantiation of bean failed; nested exception is org.springframework.beans.BeanInstantiationException: Failed to instantiate [org.springframework.web.servlet.mvc.method.annotation.RequestMappingHandlerAdapter]: Constructor threw exception; nested exception is java.lang.NoClassDefFoundError: com/fasterxml/jackson/core/util/DefaultIndenter
2017-11-28 10:40:02  [ localhost-startStop-1:1514 ] - [ ERROR ]  Context initialization failed
org.springframework.beans.factory.BeanCreationException: Error creating bean with name 'org.springframework.web.servlet.mvc.method.annotation.RequestMappingHandlerAdapter': Instantiation of bean failed; nested exception is org.springframework.beans.BeanInstantiationException: Failed to instantiate [org.springframework.web.servlet.mvc.method.annotation.RequestMappingHandlerAdapter]: Constructor threw exception; nested exception is java.lang.NoClassDefFoundError: com/fasterxml/jackson/core/util/DefaultIndenter
	at org.springframework.beans.factory.support.AbstractAutowireCapableBeanFactory.instantiateBean(AbstractAutowireCapableBeanFactory.java:1155)
	at org.springframework.beans.factory.support.AbstractAutowireCapableBeanFactory.createBeanInstance(AbstractAutowireCapableBeanFactory.java:1099)
	at org.springframework.beans.factory.support.AbstractAutowireCapableBeanFactory.doCreateBean(AbstractAutowireCapableBeanFactory.java:513)
	at org.springframework.beans.factory.support.AbstractAutowireCapableBeanFactory.createBean(AbstractAutowireCapableBeanFactory.java:483)
	at org.springframework.beans.factory.support.AbstractBeanFactory$1.getObject(AbstractBeanFactory.java:306)
	at org.springframework.beans.factory.support.DefaultSingletonBeanRegistry.getSingleton(DefaultSingletonBeanRegistry.java:230)
	at org.springframework.beans.factory.support.AbstractBeanFactory.doGetBean(AbstractBeanFactory.java:302)
	at org.springframework.beans.factory.support.AbstractBeanFactory.getBean(AbstractBeanFactory.java:197)
	at org.springframework.beans.factory.support.DefaultListableBeanFactory.preInstantiateSingletons(DefaultListableBeanFactory.java:761)
	at org.springframework.context.support.AbstractApplicationContext.finishBeanFactoryInitialization(AbstractApplicationContext.java:867)
	at org.springframework.context.support.AbstractApplicationContext.refresh(AbstractApplicationContext.java:543)
	at org.springframework.web.servlet.FrameworkServlet.configureAndRefreshWebApplicationContext(FrameworkServlet.java:668)
	at org.springframework.web.servlet.FrameworkServlet.createWebApplicationContext(FrameworkServlet.java:634)
	at org.springframework.web.servlet.FrameworkServlet.createWebApplicationContext(FrameworkServlet.java:682)
	at org.springframework.web.servlet.FrameworkServlet.initWebApplicationContext(FrameworkServlet.java:553)
	at org.springframework.web.servlet.FrameworkServlet.initServletBean(FrameworkServlet.java:494)
	at org.springframework.web.servlet.HttpServletBean.init(HttpServletBean.java:171)
	at javax.servlet.GenericServlet.init(GenericServlet.java:160)
	at org.apache.catalina.core.StandardWrapper.initServlet(StandardWrapper.java:1280)
	at org.apache.catalina.core.StandardWrapper.loadServlet(StandardWrapper.java:1193)
	at org.apache.catalina.core.StandardWrapper.load(StandardWrapper.java:1088)
	at org.apache.catalina.core.StandardContext.loadOnStartup(StandardContext.java:5176)
	at org.apache.catalina.core.StandardContext.startInternal(StandardContext.java:5460)
	at org.apache.catalina.util.LifecycleBase.start(LifecycleBase.java:150)
	at org.apache.catalina.core.ContainerBase$StartChild.call(ContainerBase.java:1559)
	at org.apache.catalina.core.ContainerBase$StartChild.call(ContainerBase.java:1549)
	at java.util.concurrent.FutureTask.run(FutureTask.java:266)
	at java.util.concurrent.ThreadPoolExecutor.runWorker(ThreadPoolExecutor.java:1142)
	at java.util.concurrent.ThreadPoolExecutor$Worker.run(ThreadPoolExecutor.java:617)
	at java.lang.Thread.run(Thread.java:748)
Caused by: org.springframework.beans.BeanInstantiationException: Failed to instantiate [org.springframework.web.servlet.mvc.method.annotation.RequestMappingHandlerAdapter]: Constructor threw exception; nested exception is java.lang.NoClassDefFoundError: com/fasterxml/jackson/core/util/DefaultIndenter
	at org.springframework.beans.BeanUtils.instantiateClass(BeanUtils.java:154)
	at org.springframework.beans.factory.support.SimpleInstantiationStrategy.instantiate(SimpleInstantiationStrategy.java:89)
	at org.springframework.beans.factory.support.AbstractAutowireCapableBeanFactory.instantiateBean(AbstractAutowireCapableBeanFactory.java:1147)
	... 29 more
Caused by: java.lang.NoClassDefFoundError: com/fasterxml/jackson/core/util/DefaultIndenter
	at org.springframework.http.converter.json.AbstractJackson2HttpMessageConverter.init(AbstractJackson2HttpMessageConverter.java:97)
	at org.springframework.http.converter.json.AbstractJackson2HttpMessageConverter.<init>(AbstractJackson2HttpMessageConverter.java:90)
	at org.springframework.http.converter.json.MappingJackson2HttpMessageConverter.<init>(MappingJackson2HttpMessageConverter.java:66)
	at org.springframework.http.converter.json.MappingJackson2HttpMessageConverter.<init>(MappingJackson2HttpMessageConverter.java:57)
	at org.springframework.http.converter.support.AllEncompassingFormHttpMessageConverter.<init>(AllEncompassingFormHttpMessageConverter.java:61)
	at org.springframework.web.servlet.mvc.method.annotation.RequestMappingHandlerAdapter.<init>(RequestMappingHandlerAdapter.java:182)
	at sun.reflect.NativeConstructorAccessorImpl.newInstance0(Native Method)
	at sun.reflect.NativeConstructorAccessorImpl.newInstance(NativeConstructorAccessorImpl.java:62)
	at sun.reflect.DelegatingConstructorAccessorImpl.newInstance(DelegatingConstructorAccessorImpl.java:45)
	at java.lang.reflect.Constructor.newInstance(Constructor.java:423)
	at org.springframework.beans.BeanUtils.instantiateClass(BeanUtils.java:142)
	... 31 more
Caused by: java.lang.ClassNotFoundException: com.fasterxml.jackson.core.util.DefaultIndenter
	at org.apache.catalina.loader.WebappClassLoader.loadClass(WebappClassLoader.java:1702)
	at org.apache.catalina.loader.WebappClassLoader.loadClass(WebappClassLoader.java:1547)
	... 42 more
2017-11-28 10:47:07  [ localhost-startStop-1:0 ] - [ INFO ]  Root WebApplicationContext: initialization started
2017-11-28 10:47:07  [ localhost-startStop-1:51 ] - [ INFO ]  Refreshing Root WebApplicationContext: startup date [Tue Nov 28 10:47:07 CST 2017]; root of context hierarchy
2017-11-28 10:47:08  [ localhost-startStop-1:96 ] - [ INFO ]  Loading XML bean definitions from file [D:\shixun\abc\redis\target\classes\spring\applicationContext-dao.xml]
2017-11-28 10:47:08  [ localhost-startStop-1:223 ] - [ INFO ]  Loading XML bean definitions from file [D:\shixun\abc\redis\target\classes\spring\applicationContext-jedis.xml]
2017-11-28 10:47:08  [ localhost-startStop-1:244 ] - [ INFO ]  Loading XML bean definitions from file [D:\shixun\abc\redis\target\classes\spring\applicationContext-service.xml]
2017-11-28 10:47:08  [ localhost-startStop-1:462 ] - [ INFO ]  JSR-330 'javax.inject.Inject' annotation found and supported for autowiring
2017-11-28 10:47:08  [ localhost-startStop-1:835 ] - [ INFO ]  Root WebApplicationContext: initialization completed in 835 ms
2017-11-28 10:47:08  [ localhost-startStop-1:874 ] - [ INFO ]  FrameworkServlet 'redis': initialization started
2017-11-28 10:47:08  [ localhost-startStop-1:877 ] - [ INFO ]  Refreshing WebApplicationContext for namespace 'redis-servlet': startup date [Tue Nov 28 10:47:08 CST 2017]; parent: Root WebApplicationContext
2017-11-28 10:47:08  [ localhost-startStop-1:877 ] - [ INFO ]  Loading XML bean definitions from class path resource [spring/springmvc.xml]
2017-11-28 10:47:08  [ localhost-startStop-1:990 ] - [ INFO ]  JSR-330 'javax.inject.Inject' annotation found and supported for autowiring
2017-11-28 10:47:09  [ localhost-startStop-1:1168 ] - [ INFO ]  Mapped "{[/list.do]}" onto public java.lang.String com.redis.controller.UserController.find(org.springframework.ui.Model)
2017-11-28 10:47:09  [ localhost-startStop-1:1299 ] - [ WARN ]  Exception encountered during context initialization - cancelling refresh attempt: org.springframework.beans.factory.BeanCreationException: Error creating bean with name 'org.springframework.web.servlet.mvc.method.annotation.RequestMappingHandlerAdapter': Instantiation of bean failed; nested exception is org.springframework.beans.BeanInstantiationException: Failed to instantiate [org.springframework.web.servlet.mvc.method.annotation.RequestMappingHandlerAdapter]: Constructor threw exception; nested exception is java.lang.NoClassDefFoundError: com/fasterxml/jackson/core/util/DefaultIndenter
2017-11-28 10:47:09  [ localhost-startStop-1:1300 ] - [ ERROR ]  Context initialization failed
org.springframework.beans.factory.BeanCreationException: Error creating bean with name 'org.springframework.web.servlet.mvc.method.annotation.RequestMappingHandlerAdapter': Instantiation of bean failed; nested exception is org.springframework.beans.BeanInstantiationException: Failed to instantiate [org.springframework.web.servlet.mvc.method.annotation.RequestMappingHandlerAdapter]: Constructor threw exception; nested exception is java.lang.NoClassDefFoundError: com/fasterxml/jackson/core/util/DefaultIndenter
	at org.springframework.beans.factory.support.AbstractAutowireCapableBeanFactory.instantiateBean(AbstractAutowireCapableBeanFactory.java:1155)
	at org.springframework.beans.factory.support.AbstractAutowireCapableBeanFactory.createBeanInstance(AbstractAutowireCapableBeanFactory.java:1099)
	at org.springframework.beans.factory.support.AbstractAutowireCapableBeanFactory.doCreateBean(AbstractAutowireCapableBeanFactory.java:513)
	at org.springframework.beans.factory.support.AbstractAutowireCapableBeanFactory.createBean(AbstractAutowireCapableBeanFactory.java:483)
	at org.springframework.beans.factory.support.AbstractBeanFactory$1.getObject(AbstractBeanFactory.java:306)
	at org.springframework.beans.factory.support.DefaultSingletonBeanRegistry.getSingleton(DefaultSingletonBeanRegistry.java:230)
	at org.springframework.beans.factory.support.AbstractBeanFactory.doGetBean(AbstractBeanFactory.java:302)
	at org.springframework.beans.factory.support.AbstractBeanFactory.getBean(AbstractBeanFactory.java:197)
	at org.springframework.beans.factory.support.DefaultListableBeanFactory.preInstantiateSingletons(DefaultListableBeanFactory.java:761)
	at org.springframework.context.support.AbstractApplicationContext.finishBeanFactoryInitialization(AbstractApplicationContext.java:867)
	at org.springframework.context.support.AbstractApplicationContext.refresh(AbstractApplicationContext.java:543)
	at org.springframework.web.servlet.FrameworkServlet.configureAndRefreshWebApplicationContext(FrameworkServlet.java:668)
	at org.springframework.web.servlet.FrameworkServlet.createWebApplicationContext(FrameworkServlet.java:634)
	at org.springframework.web.servlet.FrameworkServlet.createWebApplicationContext(FrameworkServlet.java:682)
	at org.springframework.web.servlet.FrameworkServlet.initWebApplicationContext(FrameworkServlet.java:553)
	at org.springframework.web.servlet.FrameworkServlet.initServletBean(FrameworkServlet.java:494)
	at org.springframework.web.servlet.HttpServletBean.init(HttpServletBean.java:171)
	at javax.servlet.GenericServlet.init(GenericServlet.java:160)
	at org.apache.catalina.core.StandardWrapper.initServlet(StandardWrapper.java:1280)
	at org.apache.catalina.core.StandardWrapper.loadServlet(StandardWrapper.java:1193)
	at org.apache.catalina.core.StandardWrapper.load(StandardWrapper.java:1088)
	at org.apache.catalina.core.StandardContext.loadOnStartup(StandardContext.java:5176)
	at org.apache.catalina.core.StandardContext.startInternal(StandardContext.java:5460)
	at org.apache.catalina.util.LifecycleBase.start(LifecycleBase.java:150)
	at org.apache.catalina.core.ContainerBase$StartChild.call(ContainerBase.java:1559)
	at org.apache.catalina.core.ContainerBase$StartChild.call(ContainerBase.java:1549)
	at java.util.concurrent.FutureTask.run(FutureTask.java:266)
	at java.util.concurrent.ThreadPoolExecutor.runWorker(ThreadPoolExecutor.java:1142)
	at java.util.concurrent.ThreadPoolExecutor$Worker.run(ThreadPoolExecutor.java:617)
	at java.lang.Thread.run(Thread.java:748)
Caused by: org.springframework.beans.BeanInstantiationException: Failed to instantiate [org.springframework.web.servlet.mvc.method.annotation.RequestMappingHandlerAdapter]: Constructor threw exception; nested exception is java.lang.NoClassDefFoundError: com/fasterxml/jackson/core/util/DefaultIndenter
	at org.springframework.beans.BeanUtils.instantiateClass(BeanUtils.java:154)
	at org.springframework.beans.factory.support.SimpleInstantiationStrategy.instantiate(SimpleInstantiationStrategy.java:89)
	at org.springframework.beans.factory.support.AbstractAutowireCapableBeanFactory.instantiateBean(AbstractAutowireCapableBeanFactory.java:1147)
	... 29 more
Caused by: java.lang.NoClassDefFoundError: com/fasterxml/jackson/core/util/DefaultIndenter
	at org.springframework.http.converter.json.AbstractJackson2HttpMessageConverter.init(AbstractJackson2HttpMessageConverter.java:97)
	at org.springframework.http.converter.json.AbstractJackson2HttpMessageConverter.<init>(AbstractJackson2HttpMessageConverter.java:90)
	at org.springframework.http.converter.json.MappingJackson2HttpMessageConverter.<init>(MappingJackson2HttpMessageConverter.java:66)
	at org.springframework.http.converter.json.MappingJackson2HttpMessageConverter.<init>(MappingJackson2HttpMessageConverter.java:57)
	at org.springframework.http.converter.support.AllEncompassingFormHttpMessageConverter.<init>(AllEncompassingFormHttpMessageConverter.java:61)
	at org.springframework.web.servlet.mvc.method.annotation.RequestMappingHandlerAdapter.<init>(RequestMappingHandlerAdapter.java:182)
	at sun.reflect.NativeConstructorAccessorImpl.newInstance0(Native Method)
	at sun.reflect.NativeConstructorAccessorImpl.newInstance(NativeConstructorAccessorImpl.java:62)
	at sun.reflect.DelegatingConstructorAccessorImpl.newInstance(DelegatingConstructorAccessorImpl.java:45)
	at java.lang.reflect.Constructor.newInstance(Constructor.java:423)
	at org.springframework.beans.BeanUtils.instantiateClass(BeanUtils.java:142)
	... 31 more
Caused by: java.lang.ClassNotFoundException: com.fasterxml.jackson.core.util.DefaultIndenter
	at org.apache.catalina.loader.WebappClassLoader.loadClass(WebappClassLoader.java:1702)
	at org.apache.catalina.loader.WebappClassLoader.loadClass(WebappClassLoader.java:1547)
	... 42 more
2017-11-28 10:48:21  [ localhost-startStop-1:0 ] - [ INFO ]  Root WebApplicationContext: initialization started
2017-11-28 10:48:21  [ localhost-startStop-1:60 ] - [ INFO ]  Refreshing Root WebApplicationContext: startup date [Tue Nov 28 10:48:21 CST 2017]; root of context hierarchy
2017-11-28 10:48:21  [ localhost-startStop-1:105 ] - [ INFO ]  Loading XML bean definitions from file [D:\shixun\abc\redis\target\classes\spring\applicationContext-dao.xml]
2017-11-28 10:48:21  [ localhost-startStop-1:255 ] - [ INFO ]  Loading XML bean definitions from file [D:\shixun\abc\redis\target\classes\spring\applicationContext-jedis.xml]
2017-11-28 10:48:21  [ localhost-startStop-1:277 ] - [ INFO ]  Loading XML bean definitions from file [D:\shixun\abc\redis\target\classes\spring\applicationContext-service.xml]
2017-11-28 10:48:21  [ localhost-startStop-1:533 ] - [ INFO ]  JSR-330 'javax.inject.Inject' annotation found and supported for autowiring
2017-11-28 10:48:22  [ localhost-startStop-1:960 ] - [ INFO ]  Root WebApplicationContext: initialization completed in 959 ms
2017-11-28 10:48:22  [ localhost-startStop-1:999 ] - [ INFO ]  FrameworkServlet 'redis': initialization started
2017-11-28 10:48:22  [ localhost-startStop-1:1001 ] - [ INFO ]  Refreshing WebApplicationContext for namespace 'redis-servlet': startup date [Tue Nov 28 10:48:22 CST 2017]; parent: Root WebApplicationContext
2017-11-28 10:48:22  [ localhost-startStop-1:1002 ] - [ INFO ]  Loading XML bean definitions from class path resource [spring/springmvc.xml]
2017-11-28 10:48:22  [ localhost-startStop-1:1105 ] - [ INFO ]  JSR-330 'javax.inject.Inject' annotation found and supported for autowiring
2017-11-28 10:48:22  [ localhost-startStop-1:1306 ] - [ INFO ]  Mapped "{[/list.do]}" onto public java.lang.String com.redis.controller.UserController.find(org.springframework.ui.Model)
2017-11-28 10:48:22  [ localhost-startStop-1:1478 ] - [ WARN ]  Exception encountered during context initialization - cancelling refresh attempt: org.springframework.beans.factory.BeanCreationException: Error creating bean with name 'org.springframework.web.servlet.mvc.method.annotation.RequestMappingHandlerAdapter': Instantiation of bean failed; nested exception is org.springframework.beans.BeanInstantiationException: Failed to instantiate [org.springframework.web.servlet.mvc.method.annotation.RequestMappingHandlerAdapter]: Constructor threw exception; nested exception is java.lang.NoClassDefFoundError: com/fasterxml/jackson/core/util/DefaultIndenter
2017-11-28 10:48:22  [ localhost-startStop-1:1480 ] - [ ERROR ]  Context initialization failed
org.springframework.beans.factory.BeanCreationException: Error creating bean with name 'org.springframework.web.servlet.mvc.method.annotation.RequestMappingHandlerAdapter': Instantiation of bean failed; nested exception is org.springframework.beans.BeanInstantiationException: Failed to instantiate [org.springframework.web.servlet.mvc.method.annotation.RequestMappingHandlerAdapter]: Constructor threw exception; nested exception is java.lang.NoClassDefFoundError: com/fasterxml/jackson/core/util/DefaultIndenter
	at org.springframework.beans.factory.support.AbstractAutowireCapableBeanFactory.instantiateBean(AbstractAutowireCapableBeanFactory.java:1155)
	at org.springframework.beans.factory.support.AbstractAutowireCapableBeanFactory.createBeanInstance(AbstractAutowireCapableBeanFactory.java:1099)
	at org.springframework.beans.factory.support.AbstractAutowireCapableBeanFactory.doCreateBean(AbstractAutowireCapableBeanFactory.java:513)
	at org.springframework.beans.factory.support.AbstractAutowireCapableBeanFactory.createBean(AbstractAutowireCapableBeanFactory.java:483)
	at org.springframework.beans.factory.support.AbstractBeanFactory$1.getObject(AbstractBeanFactory.java:306)
	at org.springframework.beans.factory.support.DefaultSingletonBeanRegistry.getSingleton(DefaultSingletonBeanRegistry.java:230)
	at org.springframework.beans.factory.support.AbstractBeanFactory.doGetBean(AbstractBeanFactory.java:302)
	at org.springframework.beans.factory.support.AbstractBeanFactory.getBean(AbstractBeanFactory.java:197)
	at org.springframework.beans.factory.support.DefaultListableBeanFactory.preInstantiateSingletons(DefaultListableBeanFactory.java:761)
	at org.springframework.context.support.AbstractApplicationContext.finishBeanFactoryInitialization(AbstractApplicationContext.java:867)
	at org.springframework.context.support.AbstractApplicationContext.refresh(AbstractApplicationContext.java:543)
	at org.springframework.web.servlet.FrameworkServlet.configureAndRefreshWebApplicationContext(FrameworkServlet.java:668)
	at org.springframework.web.servlet.FrameworkServlet.createWebApplicationContext(FrameworkServlet.java:634)
	at org.springframework.web.servlet.FrameworkServlet.createWebApplicationContext(FrameworkServlet.java:682)
	at org.springframework.web.servlet.FrameworkServlet.initWebApplicationContext(FrameworkServlet.java:553)
	at org.springframework.web.servlet.FrameworkServlet.initServletBean(FrameworkServlet.java:494)
	at org.springframework.web.servlet.HttpServletBean.init(HttpServletBean.java:171)
	at javax.servlet.GenericServlet.init(GenericServlet.java:160)
	at org.apache.catalina.core.StandardWrapper.initServlet(StandardWrapper.java:1280)
	at org.apache.catalina.core.StandardWrapper.loadServlet(StandardWrapper.java:1193)
	at org.apache.catalina.core.StandardWrapper.load(StandardWrapper.java:1088)
	at org.apache.catalina.core.StandardContext.loadOnStartup(StandardContext.java:5176)
	at org.apache.catalina.core.StandardContext.startInternal(StandardContext.java:5460)
	at org.apache.catalina.util.LifecycleBase.start(LifecycleBase.java:150)
	at org.apache.catalina.core.ContainerBase$StartChild.call(ContainerBase.java:1559)
	at org.apache.catalina.core.ContainerBase$StartChild.call(ContainerBase.java:1549)
	at java.util.concurrent.FutureTask.run(FutureTask.java:266)
	at java.util.concurrent.ThreadPoolExecutor.runWorker(ThreadPoolExecutor.java:1142)
	at java.util.concurrent.ThreadPoolExecutor$Worker.run(ThreadPoolExecutor.java:617)
	at java.lang.Thread.run(Thread.java:748)
Caused by: org.springframework.beans.BeanInstantiationException: Failed to instantiate [org.springframework.web.servlet.mvc.method.annotation.RequestMappingHandlerAdapter]: Constructor threw exception; nested exception is java.lang.NoClassDefFoundError: com/fasterxml/jackson/core/util/DefaultIndenter
	at org.springframework.beans.BeanUtils.instantiateClass(BeanUtils.java:154)
	at org.springframework.beans.factory.support.SimpleInstantiationStrategy.instantiate(SimpleInstantiationStrategy.java:89)
	at org.springframework.beans.factory.support.AbstractAutowireCapableBeanFactory.instantiateBean(AbstractAutowireCapableBeanFactory.java:1147)
	... 29 more
Caused by: java.lang.NoClassDefFoundError: com/fasterxml/jackson/core/util/DefaultIndenter
	at org.springframework.http.converter.json.AbstractJackson2HttpMessageConverter.init(AbstractJackson2HttpMessageConverter.java:97)
	at org.springframework.http.converter.json.AbstractJackson2HttpMessageConverter.<init>(AbstractJackson2HttpMessageConverter.java:90)
	at org.springframework.http.converter.json.MappingJackson2HttpMessageConverter.<init>(MappingJackson2HttpMessageConverter.java:66)
	at org.springframework.http.converter.json.MappingJackson2HttpMessageConverter.<init>(MappingJackson2HttpMessageConverter.java:57)
	at org.springframework.http.converter.support.AllEncompassingFormHttpMessageConverter.<init>(AllEncompassingFormHttpMessageConverter.java:61)
	at org.springframework.web.servlet.mvc.method.annotation.RequestMappingHandlerAdapter.<init>(RequestMappingHandlerAdapter.java:182)
	at sun.reflect.NativeConstructorAccessorImpl.newInstance0(Native Method)
	at sun.reflect.NativeConstructorAccessorImpl.newInstance(NativeConstructorAccessorImpl.java:62)
	at sun.reflect.DelegatingConstructorAccessorImpl.newInstance(DelegatingConstructorAccessorImpl.java:45)
	at java.lang.reflect.Constructor.newInstance(Constructor.java:423)
	at org.springframework.beans.BeanUtils.instantiateClass(BeanUtils.java:142)
	... 31 more
Caused by: java.lang.ClassNotFoundException: com.fasterxml.jackson.core.util.DefaultIndenter
	at org.apache.catalina.loader.WebappClassLoader.loadClass(WebappClassLoader.java:1702)
	at org.apache.catalina.loader.WebappClassLoader.loadClass(WebappClassLoader.java:1547)
	... 42 more
2017-11-28 11:09:36  [ localhost-startStop-1:0 ] - [ INFO ]  Root WebApplicationContext: initialization started
2017-11-28 11:09:36  [ localhost-startStop-1:74 ] - [ INFO ]  Refreshing Root WebApplicationContext: startup date [Tue Nov 28 11:09:36 CST 2017]; root of context hierarchy
2017-11-28 11:09:36  [ localhost-startStop-1:127 ] - [ INFO ]  Loading XML bean definitions from file [D:\shixun\abc\redis\target\classes\spring\applicationContext-dao.xml]
2017-11-28 11:09:36  [ localhost-startStop-1:265 ] - [ INFO ]  Loading XML bean definitions from file [D:\shixun\abc\redis\target\classes\spring\applicationContext-jedis.xml]
2017-11-28 11:09:36  [ localhost-startStop-1:285 ] - [ INFO ]  Loading XML bean definitions from file [D:\shixun\abc\redis\target\classes\spring\applicationContext-service.xml]
2017-11-28 11:09:36  [ localhost-startStop-1:597 ] - [ INFO ]  JSR-330 'javax.inject.Inject' annotation found and supported for autowiring
2017-11-28 11:09:37  [ localhost-startStop-1:1185 ] - [ INFO ]  Root WebApplicationContext: initialization completed in 1184 ms
2017-11-28 11:09:37  [ localhost-startStop-1:1223 ] - [ INFO ]  FrameworkServlet 'redis': initialization started
2017-11-28 11:09:37  [ localhost-startStop-1:1226 ] - [ INFO ]  Refreshing WebApplicationContext for namespace 'redis-servlet': startup date [Tue Nov 28 11:09:37 CST 2017]; parent: Root WebApplicationContext
2017-11-28 11:09:37  [ localhost-startStop-1:1226 ] - [ INFO ]  Loading XML bean definitions from class path resource [spring/springmvc.xml]
2017-11-28 11:09:37  [ localhost-startStop-1:1345 ] - [ INFO ]  JSR-330 'javax.inject.Inject' annotation found and supported for autowiring
2017-11-28 11:09:37  [ localhost-startStop-1:1555 ] - [ INFO ]  Mapped "{[/list.do]}" onto public java.lang.String com.redis.controller.UserController.find(org.springframework.ui.Model)
2017-11-28 11:09:38  [ localhost-startStop-1:1904 ] - [ WARN ]  Exception encountered during context initialization - cancelling refresh attempt: org.springframework.beans.factory.BeanCreationException: Error creating bean with name 'org.springframework.web.servlet.mvc.method.annotation.RequestMappingHandlerAdapter': Instantiation of bean failed; nested exception is org.springframework.beans.BeanInstantiationException: Failed to instantiate [org.springframework.web.servlet.mvc.method.annotation.RequestMappingHandlerAdapter]: Constructor threw exception; nested exception is java.lang.NoClassDefFoundError: com/fasterxml/jackson/core/util/DefaultIndenter
2017-11-28 11:09:38  [ localhost-startStop-1:1905 ] - [ ERROR ]  Context initialization failed
org.springframework.beans.factory.BeanCreationException: Error creating bean with name 'org.springframework.web.servlet.mvc.method.annotation.RequestMappingHandlerAdapter': Instantiation of bean failed; nested exception is org.springframework.beans.BeanInstantiationException: Failed to instantiate [org.springframework.web.servlet.mvc.method.annotation.RequestMappingHandlerAdapter]: Constructor threw exception; nested exception is java.lang.NoClassDefFoundError: com/fasterxml/jackson/core/util/DefaultIndenter
	at org.springframework.beans.factory.support.AbstractAutowireCapableBeanFactory.instantiateBean(AbstractAutowireCapableBeanFactory.java:1155)
	at org.springframework.beans.factory.support.AbstractAutowireCapableBeanFactory.createBeanInstance(AbstractAutowireCapableBeanFactory.java:1099)
	at org.springframework.beans.factory.support.AbstractAutowireCapableBeanFactory.doCreateBean(AbstractAutowireCapableBeanFactory.java:513)
	at org.springframework.beans.factory.support.AbstractAutowireCapableBeanFactory.createBean(AbstractAutowireCapableBeanFactory.java:483)
	at org.springframework.beans.factory.support.AbstractBeanFactory$1.getObject(AbstractBeanFactory.java:306)
	at org.springframework.beans.factory.support.DefaultSingletonBeanRegistry.getSingleton(DefaultSingletonBeanRegistry.java:230)
	at org.springframework.beans.factory.support.AbstractBeanFactory.doGetBean(AbstractBeanFactory.java:302)
	at org.springframework.beans.factory.support.AbstractBeanFactory.getBean(AbstractBeanFactory.java:197)
	at org.springframework.beans.factory.support.DefaultListableBeanFactory.preInstantiateSingletons(DefaultListableBeanFactory.java:761)
	at org.springframework.context.support.AbstractApplicationContext.finishBeanFactoryInitialization(AbstractApplicationContext.java:867)
	at org.springframework.context.support.AbstractApplicationContext.refresh(AbstractApplicationContext.java:543)
	at org.springframework.web.servlet.FrameworkServlet.configureAndRefreshWebApplicationContext(FrameworkServlet.java:668)
	at org.springframework.web.servlet.FrameworkServlet.createWebApplicationContext(FrameworkServlet.java:634)
	at org.springframework.web.servlet.FrameworkServlet.createWebApplicationContext(FrameworkServlet.java:682)
	at org.springframework.web.servlet.FrameworkServlet.initWebApplicationContext(FrameworkServlet.java:553)
	at org.springframework.web.servlet.FrameworkServlet.initServletBean(FrameworkServlet.java:494)
	at org.springframework.web.servlet.HttpServletBean.init(HttpServletBean.java:171)
	at javax.servlet.GenericServlet.init(GenericServlet.java:160)
	at org.apache.catalina.core.StandardWrapper.initServlet(StandardWrapper.java:1280)
	at org.apache.catalina.core.StandardWrapper.loadServlet(StandardWrapper.java:1193)
	at org.apache.catalina.core.StandardWrapper.load(StandardWrapper.java:1088)
	at org.apache.catalina.core.StandardContext.loadOnStartup(StandardContext.java:5176)
	at org.apache.catalina.core.StandardContext.startInternal(StandardContext.java:5460)
	at org.apache.catalina.util.LifecycleBase.start(LifecycleBase.java:150)
	at org.apache.catalina.core.ContainerBase$StartChild.call(ContainerBase.java:1559)
	at org.apache.catalina.core.ContainerBase$StartChild.call(ContainerBase.java:1549)
	at java.util.concurrent.FutureTask.run(FutureTask.java:266)
	at java.util.concurrent.ThreadPoolExecutor.runWorker(ThreadPoolExecutor.java:1142)
	at java.util.concurrent.ThreadPoolExecutor$Worker.run(ThreadPoolExecutor.java:617)
	at java.lang.Thread.run(Thread.java:748)
Caused by: org.springframework.beans.BeanInstantiationException: Failed to instantiate [org.springframework.web.servlet.mvc.method.annotation.RequestMappingHandlerAdapter]: Constructor threw exception; nested exception is java.lang.NoClassDefFoundError: com/fasterxml/jackson/core/util/DefaultIndenter
	at org.springframework.beans.BeanUtils.instantiateClass(BeanUtils.java:154)
	at org.springframework.beans.factory.support.SimpleInstantiationStrategy.instantiate(SimpleInstantiationStrategy.java:89)
	at org.springframework.beans.factory.support.AbstractAutowireCapableBeanFactory.instantiateBean(AbstractAutowireCapableBeanFactory.java:1147)
	... 29 more
Caused by: java.lang.NoClassDefFoundError: com/fasterxml/jackson/core/util/DefaultIndenter
	at org.springframework.http.converter.json.AbstractJackson2HttpMessageConverter.init(AbstractJackson2HttpMessageConverter.java:97)
	at org.springframework.http.converter.json.AbstractJackson2HttpMessageConverter.<init>(AbstractJackson2HttpMessageConverter.java:90)
	at org.springframework.http.converter.json.MappingJackson2HttpMessageConverter.<init>(MappingJackson2HttpMessageConverter.java:66)
	at org.springframework.http.converter.json.MappingJackson2HttpMessageConverter.<init>(MappingJackson2HttpMessageConverter.java:57)
	at org.springframework.http.converter.support.AllEncompassingFormHttpMessageConverter.<init>(AllEncompassingFormHttpMessageConverter.java:61)
	at org.springframework.web.servlet.mvc.method.annotation.RequestMappingHandlerAdapter.<init>(RequestMappingHandlerAdapter.java:182)
	at sun.reflect.NativeConstructorAccessorImpl.newInstance0(Native Method)
	at sun.reflect.NativeConstructorAccessorImpl.newInstance(NativeConstructorAccessorImpl.java:62)
	at sun.reflect.DelegatingConstructorAccessorImpl.newInstance(DelegatingConstructorAccessorImpl.java:45)
	at java.lang.reflect.Constructor.newInstance(Constructor.java:423)
	at org.springframework.beans.BeanUtils.instantiateClass(BeanUtils.java:142)
	... 31 more
Caused by: java.lang.ClassNotFoundException: com.fasterxml.jackson.core.util.DefaultIndenter
	at org.apache.catalina.loader.WebappClassLoader.loadClass(WebappClassLoader.java:1702)
	at org.apache.catalina.loader.WebappClassLoader.loadClass(WebappClassLoader.java:1547)
	... 42 more
